0 verbose cli C:\Program Files\nodejs\node.exe C:\Program Files\nodejs\node_modules\npm\bin\npm-cli.js
1 info using npm@11.12.1
2 info using node@v24.15.0
3 silly config load:file:C:\Program Files\nodejs\node_modules\npm\npmrc
4 silly config load:file:C:\Users\gusta\OneDrive\Documentos\Fit\.npmrc
5 silly config load:file:C:\Users\gusta\.npmrc
6 silly config load:file:C:\Users\gusta\AppData\Roaming\npm\etc\npmrc
7 verbose title npm view next version
8 verbose argv "--cache" ".\\.npm-cache" "view" "next" "version"
9 verbose logfile logs-max:10 dir:C:\Users\gusta\OneDrive\Documentos\Fit\.npm-cache\_logs\2026-05-18T09_25_28_130Z-
10 verbose logfile C:\Users\gusta\OneDrive\Documentos\Fit\.npm-cache\_logs\2026-05-18T09_25_28_130Z-debug-0.log
11 silly logfile done cleaning log files
12 http fetch GET 200 https://registry.npmjs.org/npm 134ms
13 http fetch GET 200 https://registry.npmjs.org/next 452ms (cache miss)
14 verbose cwd C:\Users\gusta\OneDrive\Documentos\Fit
15 verbose os Windows_NT 10.0.26200
16 verbose node v24.15.0
17 verbose npm  v11.12.1
18 notice
18 notice New minor version of npm available! 11.12.1 -> 11.14.1
18 notice Changelog: https://github.com/npm/cli/releases/tag/v11.14.1
18 notice To update run: npm install -g npm@11.14.1
18 notice  { force: true, Symbol(proc-log.meta): true }
19 verbose exit 0
20 info ok
